<?xml version="1.0" encoding="UTF-8"?>
<!-- Generated by org.testng.reporters.JUnitReportReporter -->
<testsuite hostname="DESKTOP-BKIRATU" name="PageTest.LoginTest" tests="1" failures="0" timestamp="16 May 2018 09:42:19 GMT" time="3.915" errors="0">
  <testcase name="loginSuccessTest" time="3.915" classname="PageTest.LoginTest"/>
</testsuite> <!-- PageTest.LoginTest -->
