<?xml version="1.0" encoding="UTF-8"?>
<!-- Generated by org.testng.reporters.JUnitReportReporter -->
<testsuite hostname="DESKTOP-BKIRATU" name="PageTest.ChappleExitTest" tests="1" failures="0" timestamp="17 May 2018 06:53:10 GMT" time="0.215" errors="0">
  <testcase name="chappleExittest" time="0.215" classname="PageTest.ChappleExitTest"/>
</testsuite> <!-- PageTest.ChappleExitTest -->
