<?xml version="1.0" encoding="UTF-8"?>
<!-- Generated by org.testng.reporters.JUnitReportReporter -->
<testsuite hostname="DESKTOP-BKIRATU" name="PageTest.ChappleLoginTest" tests="1" failures="0" timestamp="17 May 2018 06:53:10 GMT" time="5.031" errors="0">
  <testcase name="loginSuccessTest" time="5.031" classname="PageTest.ChappleLoginTest"/>
</testsuite> <!-- PageTest.ChappleLoginTest -->
