<?xml version="1.0" encoding="UTF-8"?>
<!-- Generated by org.testng.reporters.JUnitReportReporter -->
<testsuite hostname="DESKTOP-BKIRATU" name="PageTest.BaiduLoginTest" tests="1" failures="0" timestamp="17 May 2018 02:42:14 GMT" time="3.542" errors="0">
  <testcase name="baiduLoginSuccess" time="3.542" classname="PageTest.BaiduLoginTest"/>
</testsuite> <!-- PageTest.BaiduLoginTest -->
